<?xml version="1.0" encoding="UTF-8"?>
<!-- Generated by org.testng.reporters.JUnitXMLReporter -->
<testsuite hostname="HIBAIP22088" ignored="2" name="GeneralTest1" tests="3" failures="1" timestamp="24 Oct 2017 08:37:08 GMT" time="59.059" errors="0">
  <testcase name="verifyNewCustomerPageLaunch" time="3.19" classname="tests.NewCustomerTest"/>
  <testcase name="verifyNewCustomerSubmitButton" time="27.596" classname="tests.NewCustomerTest">
    <failure type="org.openqa.selenium.UnhandledAlertException" message=": 
Build info: version: &amp;apos;3.5.0&amp;apos;, revision: &amp;apos;8def36e068&amp;apos;, time: &amp;apos;2017-08-10T23:00:22.093Z&amp;apos;
System info: host: &amp;apos;HIBAIP22088&amp;apos;, ip: &amp;apos;10.91.93.146&amp;apos;, os.name: &amp;apos;Windows 7&amp;apos;, os.arch: &amp;apos;amd64&amp;apos;, os.version: &amp;apos;6.1&amp;apos;, java.version: &amp;apos;1.8.0_131&amp;apos;
Driver info: org.openqa.selenium.firefox.FirefoxDriver
Capabilities [{moz:profile=C:\Users\indganesan\AppData\Local\Temp\rust_mozprofile.lflDienPlaUF, rotatable=false, timeouts={implicit=0.0, pageLoad=300000.0, script=30000.0}, pageLoadStrategy=normal, moz:headless=false, platform=ANY, specificationLevel=0.0, moz:accessibilityChecks=false, acceptInsecureCerts=false, browserVersion=56.0.1, platformVersion=6.1, moz:processID=11232.0, browserName=firefox, javascriptEnabled=true, platformName=windows_nt}]
Session ID: 9b1b1f95-470a-49de-8e01-3ab9f2ce91b8
*** Element info: {Using=class name, value=heading3}">
      <![CDATA[org.openqa.selenium.UnhandledAlertException: : 
Build info: version: '3.5.0', revision: '8def36e068', time: '2017-08-10T23:00:22.093Z'
System info: host: 'HIBAIP22088', ip: '10.91.93.146', os.name: 'Windows 7', os.arch: 'amd64', os.version: '6.1', java.version: '1.8.0_131'
Driver info: org.openqa.selenium.firefox.FirefoxDriver
Capabilities [{moz:profile=C:\Users\indganesan\AppData\Local\Temp\rust_mozprofile.lflDienPlaUF, rotatable=false, timeouts={implicit=0.0, pageLoad=300000.0, script=30000.0}, pageLoadStrategy=normal, moz:headless=false, platform=ANY, specificationLevel=0.0, moz:accessibilityChecks=false, acceptInsecureCerts=false, browserVersion=56.0.1, platformVersion=6.1, moz:processID=11232.0, browserName=firefox, javascriptEnabled=true, platformName=windows_nt}]
Session ID: 9b1b1f95-470a-49de-8e01-3ab9f2ce91b8
*** Element info: {Using=class name, value=heading3}
	at org.openqa.selenium.remote.http.W3CHttpResponseCodec.decode(W3CHttpResponseCodec.java:118)
	at org.openqa.selenium.remote.http.W3CHttpResponseCodec.decode(W3CHttpResponseCodec.java:49)
	at org.openqa.selenium.remote.HttpCommandExecutor.execute(HttpCommandExecutor.java:164)
	at org.openqa.selenium.remote.service.DriverCommandExecutor.execute(DriverCommandExecutor.java:82)
	at org.openqa.selenium.remote.RemoteWebDriver.execute(RemoteWebDriver.java:641)
	at org.openqa.selenium.remote.RemoteWebDriver.findElement(RemoteWebDriver.java:414)
	at org.openqa.selenium.remote.RemoteWebDriver.findElementByClassName(RemoteWebDriver.java:497)
	at org.openqa.selenium.By$ByClassName.findElement(By.java:391)
	at org.openqa.selenium.remote.RemoteWebDriver.findElement(RemoteWebDriver.java:406)
	at org.openqa.selenium.support.pagefactory.DefaultElementLocator.findElement(DefaultElementLocator.java:69)
	at org.openqa.selenium.support.pagefactory.internal.LocatingElementHandler.invoke(LocatingElementHandler.java:38)
	at com.sun.proxy.$Proxy9.getText(Unknown Source)
	at pages.NewCustomerPage.getNewCustDashBoardMsg(NewCustomerPage.java:63)
	at tests.NewCustomerTest.verifyNewCustomerSubmitButton(NewCustomerTest.java:39)
... Removed 25 stack frames]]>
    </failure>
  </testcase> <!-- verifyNewCustomerSubmitButton -->
  <testcase name="testLogin" time="3.427" classname="tests.LoginTest"/>
  <testcase name="testLogin2" time="0.0" classname="tests.LoginTest">
    <ignored/>
  </testcase> <!-- testLogin2 -->
  <testcase name="addMultiValidCustomers" time="0.0" classname="tests.NewCustomerTest">
    <ignored/>
  </testcase> <!-- addMultiValidCustomers -->
</testsuite> <!-- GeneralTest1 -->
